c:\users\yuri\documents\visual studio 2017\projects\win32project2\win32project2\debug\win32project2.pch
c:\users\yuri\documents\visual studio 2017\projects\win32project2\win32project2\debug\vc141.pdb
c:\users\yuri\documents\visual studio 2017\projects\win32project2\win32project2\debug\vc141.idb
c:\users\yuri\documents\visual studio 2017\projects\win32project2\win32project2\debug\stdafx.obj
c:\users\yuri\documents\visual studio 2017\projects\win32project2\win32project2\debug\editor.obj
c:\users\yuri\documents\visual studio 2017\projects\win32project2\win32project2\debug\lineeditor.obj
c:\users\yuri\documents\visual studio 2017\projects\win32project2\win32project2\debug\lineshape.obj
c:\users\yuri\documents\visual studio 2017\projects\win32project2\win32project2\debug\pointeditor.obj
c:\users\yuri\documents\visual studio 2017\projects\win32project2\win32project2\debug\pointshape.obj
c:\users\yuri\documents\visual studio 2017\projects\win32project2\win32project2\debug\shapeeditor.obj
c:\users\yuri\documents\visual studio 2017\projects\win32project2\win32project2\debug\shapeobjecteditor.obj
c:\users\yuri\documents\visual studio 2017\projects\win32project2\win32project2\debug\shape.obj
c:\users\yuri\documents\visual studio 2017\projects\win32project2\win32project2\debug\win32project2.obj
c:\users\yuri\documents\visual studio 2017\projects\win32project2\debug\win32project2.ilk
c:\users\yuri\documents\visual studio 2017\projects\win32project2\debug\win32project2.exe
c:\users\yuri\documents\visual studio 2017\projects\win32project2\debug\win32project2.pdb
c:\users\yuri\documents\visual studio 2017\projects\win32project2\win32project2\debug\win32project2.res
c:\users\yuri\documents\visual studio 2017\projects\win32project2\win32project2\debug\win32project2.tlog\cl.command.1.tlog
c:\users\yuri\documents\visual studio 2017\projects\win32project2\win32project2\debug\win32project2.tlog\cl.read.1.tlog
c:\users\yuri\documents\visual studio 2017\projects\win32project2\win32project2\debug\win32project2.tlog\cl.write.1.tlog
c:\users\yuri\documents\visual studio 2017\projects\win32project2\win32project2\debug\win32project2.tlog\link-cvtres.read.1.tlog
c:\users\yuri\documents\visual studio 2017\projects\win32project2\win32project2\debug\win32project2.tlog\link-cvtres.write.1.tlog
c:\users\yuri\documents\visual studio 2017\projects\win32project2\win32project2\debug\win32project2.tlog\link-rc.read.1.tlog
c:\users\yuri\documents\visual studio 2017\projects\win32project2\win32project2\debug\win32project2.tlog\link-rc.write.1.tlog
c:\users\yuri\documents\visual studio 2017\projects\win32project2\win32project2\debug\win32project2.tlog\link.12336-cvtres.read.1.tlog
c:\users\yuri\documents\visual studio 2017\projects\win32project2\win32project2\debug\win32project2.tlog\link.12336-cvtres.write.1.tlog
c:\users\yuri\documents\visual studio 2017\projects\win32project2\win32project2\debug\win32project2.tlog\link.12336-rc.read.1.tlog
c:\users\yuri\documents\visual studio 2017\projects\win32project2\win32project2\debug\win32project2.tlog\link.12336-rc.write.1.tlog
c:\users\yuri\documents\visual studio 2017\projects\win32project2\win32project2\debug\win32project2.tlog\link.12336.read.1.tlog
c:\users\yuri\documents\visual studio 2017\projects\win32project2\win32project2\debug\win32project2.tlog\link.12336.write.1.tlog
c:\users\yuri\documents\visual studio 2017\projects\win32project2\win32project2\debug\win32project2.tlog\link.command.1.tlog
c:\users\yuri\documents\visual studio 2017\projects\win32project2\win32project2\debug\win32project2.tlog\link.read.1.tlog
c:\users\yuri\documents\visual studio 2017\projects\win32project2\win32project2\debug\win32project2.tlog\link.write.1.tlog
c:\users\yuri\documents\visual studio 2017\projects\win32project2\win32project2\debug\win32project2.tlog\rc.command.1.tlog
c:\users\yuri\documents\visual studio 2017\projects\win32project2\win32project2\debug\win32project2.tlog\rc.read.1.tlog
c:\users\yuri\documents\visual studio 2017\projects\win32project2\win32project2\debug\win32project2.tlog\rc.write.1.tlog
